Base path: C:/Users/Salihin/Desktop/Editor/Data
Pipe name: \\.\pipe\UnityShaderCompiler-4-7692
Cmd: getPlatforms
Cmd: compileSnippet
  api=1 type=1 insize=901 outsize=81 kw= ok=1
Cmd: compileSnippet
  api=1 type=1 insize=1770 outsize=351 kw= ok=1
Cmd: compileSnippet
  api=1 type=1 insize=1381 outsize=462 kw= ok=1
Cmd: compileSnippet
  api=0 type=1 insize=1788 outsize=505 kw= ok=1
Cmd: compileSnippet
  api=1 type=0 insize=1852 outsize=308 kw= ok=1
Cmd: compileSnippet
  api=0 type=1 insize=924 outsize=193 kw= ok=1
Cmd: compileSnippet
  api=0 type=1 insize=2137 outsize=596 kw= ok=1
Cmd: compileSnippet
  api=0 type=1 insize=1329 outsize=316 kw= ok=1
Cmd: compileSnippet
  api=0 type=1 insize=1252 outsize=365 kw= ok=1
Cmd: compileSnippet
  api=0 type=1 insize=1237 outsize=344 kw= ok=1
Cmd: compileSnippet
  api=1 type=1 insize=2284 outsize=695 kw= ok=1
Cmd: compileSnippet
  api=1 type=1 insize=942 outsize=81 kw= ok=1
Cmd: compileSnippet
  api=0 type=1 insize=1917 outsize=709 kw= ok=1
Unhandled exception: Readfile from pipe failed. GLE=The pipe has been ended.


Quitting shader compiler process
